2023-03-18 21:53:24,134 - INFO - csgo.py[:134] - 进入系统
2023-03-18 21:57:57,837 - INFO - csgo.py[:134] - 进入系统
2023-03-18 22:00:34,730 - INFO - csgo.py[:136] - 进入系统
2023-03-18 22:01:53,812 - INFO - csgo.py[:136] - 进入系统
2023-03-18 22:02:51,215 - INFO - csgo.py[:136] - 进入系统
2023-03-18 22:02:56,087 - INFO - csgo.py[:49] - 开始爬取etopfun
2023-03-18 22:03:04,360 - INFO - csgo.py[:59] - 开始爬取etopfun---1页---1000条/页---共8页
2023-03-18 22:03:08,863 - INFO - csgo.py[:59] - 开始爬取etopfun---2页---1000条/页---共8页
2023-03-18 22:03:17,030 - INFO - csgo.py[:59] - 开始爬取etopfun---3页---1000条/页---共8页
2023-03-18 22:03:25,072 - INFO - csgo.py[:59] - 开始爬取etopfun---4页---1000条/页---共8页
2023-03-18 22:03:33,398 - INFO - csgo.py[:59] - 开始爬取etopfun---5页---1000条/页---共8页
2023-03-18 22:03:41,782 - INFO - csgo.py[:59] - 开始爬取etopfun---6页---1000条/页---共8页
2023-03-18 22:03:50,248 - INFO - csgo.py[:59] - 开始爬取etopfun---7页---1000条/页---共8页
2023-03-18 22:03:57,887 - INFO - csgo.py[:59] - 开始爬取etopfun---8页---1000条/页---共8页
2023-03-18 22:04:03,869 - INFO - csgo.py[:66] - 开始存储etopfun数据
2023-03-18 22:06:00,718 - INFO - csgo.py[:139] - 进入系统
2023-03-18 22:15:58,943 - INFO - csgo.py[:139] - 进入系统
2023-03-18 22:16:00,535 - INFO - csgo.py[:73] - 开始爬取网易BUFF
2023-03-18 22:21:20,295 - INFO - csgo.py[:139] - 进入系统
2023-03-18 22:21:21,909 - INFO - csgo.py[:49] - 开始爬取etopfun
2023-03-18 22:21:29,674 - INFO - csgo.py[:59] - 开始爬取etopfun---1页---1000条/页---共8页
2023-03-18 22:21:33,476 - INFO - csgo.py[:59] - 开始爬取etopfun---2页---1000条/页---共8页
2023-03-18 22:21:41,306 - INFO - csgo.py[:59] - 开始爬取etopfun---3页---1000条/页---共8页
2023-03-18 22:21:49,093 - INFO - csgo.py[:59] - 开始爬取etopfun---4页---1000条/页---共8页
2023-03-18 22:21:58,105 - INFO - csgo.py[:59] - 开始爬取etopfun---5页---1000条/页---共8页
2023-03-18 22:22:04,896 - INFO - csgo.py[:59] - 开始爬取etopfun---6页---1000条/页---共8页
2023-03-18 22:22:09,174 - INFO - csgo.py[:59] - 开始爬取etopfun---7页---1000条/页---共8页
2023-03-18 22:22:13,126 - INFO - csgo.py[:59] - 开始爬取etopfun---8页---1000条/页---共8页
2023-03-18 22:22:16,960 - INFO - csgo.py[:66] - 开始存储etopfun数据
2023-03-18 22:23:45,023 - INFO - csgo.py[:139] - 进入系统
2023-03-18 22:23:46,745 - INFO - csgo.py[:49] - 开始爬取etopfun
2023-03-18 22:23:54,778 - INFO - csgo.py[:59] - 开始爬取etopfun---1页---1000条/页---共8页
2023-03-18 22:23:59,661 - INFO - csgo.py[:59] - 开始爬取etopfun---2页---1000条/页---共8页
2023-03-18 22:24:07,695 - INFO - csgo.py[:59] - 开始爬取etopfun---3页---1000条/页---共8页
2023-03-18 22:24:15,615 - INFO - csgo.py[:59] - 开始爬取etopfun---4页---1000条/页---共8页
2023-03-18 22:24:23,377 - INFO - csgo.py[:59] - 开始爬取etopfun---5页---1000条/页---共8页
2023-03-18 22:24:31,211 - INFO - csgo.py[:59] - 开始爬取etopfun---6页---1000条/页---共8页
2023-03-18 22:24:39,297 - INFO - csgo.py[:59] - 开始爬取etopfun---7页---1000条/页---共8页
2023-03-18 22:24:47,229 - INFO - csgo.py[:59] - 开始爬取etopfun---8页---1000条/页---共8页
2023-03-18 22:24:53,197 - INFO - csgo.py[:66] - 开始存储etopfun数据
2023-03-18 22:25:05,899 - INFO - csgo.py[:69] - 存储etopfun数据成功
2023-03-18 22:25:13,485 - INFO - csgo.py[:73] - 开始爬取网易BUFF
2023-03-18 22:25:51,996 - INFO - csgo.py[:85] - 开始爬取网易BUFF---1页---80条/页---共253页
2023-03-18 22:25:55,211 - INFO - csgo.py[:85] - 开始爬取网易BUFF---2页---80条/页---共253页
2023-03-18 22:25:55,367 - INFO - csgo.py[:91] - 爬取失败---2页---80条/页---共253页---'NoneType' object has no attribute 'get'
2023-03-18 22:25:55,368 - INFO - csgo.py[:85] - 开始爬取网易BUFF---3页---80条/页---共253页
2023-03-18 22:25:55,519 - INFO - csgo.py[:91] - 爬取失败---3页---80条/页---共253页---'NoneType' object has no attribute 'get'
2023-03-18 22:25:55,519 - INFO - csgo.py[:85] - 开始爬取网易BUFF---4页---80条/页---共253页
2023-03-18 22:25:55,684 - INFO - csgo.py[:91] - 爬取失败---4页---80条/页---共253页---'NoneType' object has no attribute 'get'
2023-03-18 22:25:55,685 - INFO - csgo.py[:85] - 开始爬取网易BUFF---5页---80条/页---共253页
2023-03-18 22:25:55,838 - INFO - csgo.py[:91] - 爬取失败---5页---80条/页---共253页---'NoneType' object has no attribute 'get'
2023-03-18 22:25:55,838 - INFO - csgo.py[:85] - 开始爬取网易BUFF---6页---80条/页---共253页
2023-03-18 22:25:55,990 - INFO - csgo.py[:91] - 爬取失败---6页---80条/页---共253页---'NoneType' object has no attribute 'get'
2023-03-18 22:25:55,990 - INFO - csgo.py[:85] - 开始爬取网易BUFF---7页---80条/页---共253页
2023-03-18 22:25:56,141 - INFO - csgo.py[:91] - 爬取失败---7页---80条/页---共253页---'NoneType' object has no attribute 'get'
2023-03-18 22:25:56,141 - INFO - csgo.py[:85] - 开始爬取网易BUFF---8页---80条/页---共253页
2023-03-18 22:25:56,321 - INFO - csgo.py[:91] - 爬取失败---8页---80条/页---共253页---'NoneType' object has no attribute 'get'
2023-03-18 22:25:56,322 - INFO - csgo.py[:85] - 开始爬取网易BUFF---9页---80条/页---共253页
2023-03-18 22:25:56,478 - INFO - csgo.py[:91] - 爬取失败---9页---80条/页---共253页---'NoneType' object has no attribute 'get'
2023-03-18 22:25:56,478 - INFO - csgo.py[:85] - 开始爬取网易BUFF---10页---80条/页---共253页
2023-03-18 22:25:56,650 - INFO - csgo.py[:91] - 爬取失败---10页---80条/页---共253页---'NoneType' object has no attribute 'get'
2023-03-18 22:25:56,651 - INFO - csgo.py[:85] - 开始爬取网易BUFF---11页---80条/页---共253页
2023-03-18 22:25:56,797 - INFO - csgo.py[:91] - 爬取失败---11页---80条/页---共253页---Expecting value: line 1 column 1 (char 0)
2023-03-18 22:25:56,797 - INFO - csgo.py[:85] - 开始爬取网易BUFF---12页---80条/页---共253页
2023-03-18 22:25:56,945 - INFO - csgo.py[:91] - 爬取失败---12页---80条/页---共253页---'NoneType' object has no attribute 'get'
2023-03-18 22:25:56,946 - INFO - csgo.py[:85] - 开始爬取网易BUFF---13页---80条/页---共253页
2023-03-18 22:25:57,081 - INFO - csgo.py[:91] - 爬取失败---13页---80条/页---共253页---Expecting value: line 1 column 1 (char 0)
2023-03-18 22:25:57,082 - INFO - csgo.py[:85] - 开始爬取网易BUFF---14页---80条/页---共253页
2023-03-18 22:25:57,254 - INFO - csgo.py[:91] - 爬取失败---14页---80条/页---共253页---'NoneType' object has no attribute 'get'
2023-03-18 22:25:57,255 - INFO - csgo.py[:85] - 开始爬取网易BUFF---15页---80条/页---共253页
2023-03-18 22:25:57,418 - INFO - csgo.py[:91] - 爬取失败---15页---80条/页---共253页---'NoneType' object has no attribute 'get'
2023-03-18 22:25:57,419 - INFO - csgo.py[:85] - 开始爬取网易BUFF---16页---80条/页---共253页
2023-03-18 22:25:57,570 - INFO - csgo.py[:91] - 爬取失败---16页---80条/页---共253页---Expecting value: line 1 column 1 (char 0)
2023-03-18 22:25:57,570 - INFO - csgo.py[:85] - 开始爬取网易BUFF---17页---80条/页---共253页
2023-03-18 22:25:57,736 - INFO - csgo.py[:91] - 爬取失败---17页---80条/页---共253页---'NoneType' object has no attribute 'get'
2023-03-18 22:25:57,736 - INFO - csgo.py[:85] - 开始爬取网易BUFF---18页---80条/页---共253页
2023-03-18 22:25:57,881 - INFO - csgo.py[:91] - 爬取失败---18页---80条/页---共253页---Expecting value: line 1 column 1 (char 0)
2023-03-18 22:25:57,881 - INFO - csgo.py[:85] - 开始爬取网易BUFF---19页---80条/页---共253页
2023-03-18 22:25:58,033 - INFO - csgo.py[:91] - 爬取失败---19页---80条/页---共253页---Expecting value: line 1 column 1 (char 0)
2023-03-18 22:25:58,033 - INFO - csgo.py[:85] - 开始爬取网易BUFF---20页---80条/页---共253页
2023-03-18 22:25:58,188 - INFO - csgo.py[:91] - 爬取失败---20页---80条/页---共253页---Expecting value: line 1 column 1 (char 0)
2023-03-18 22:25:58,188 - INFO - csgo.py[:85] - 开始爬取网易BUFF---21页---80条/页---共253页
2023-03-18 22:25:58,341 - INFO - csgo.py[:91] - 爬取失败---21页---80条/页---共253页---'NoneType' object has no attribute 'get'
2023-03-18 22:25:58,342 - INFO - csgo.py[:85] - 开始爬取网易BUFF---22页---80条/页---共253页
2023-03-18 22:25:58,479 - INFO - csgo.py[:91] - 爬取失败---22页---80条/页---共253页---Expecting value: line 1 column 1 (char 0)
2023-03-18 22:25:58,480 - INFO - csgo.py[:85] - 开始爬取网易BUFF---23页---80条/页---共253页
2023-03-18 22:25:58,682 - INFO - csgo.py[:91] - 爬取失败---23页---80条/页---共253页---'NoneType' object has no attribute 'get'
2023-03-18 22:25:58,683 - INFO - csgo.py[:85] - 开始爬取网易BUFF---24页---80条/页---共253页
2023-03-18 22:25:58,840 - INFO - csgo.py[:91] - 爬取失败---24页---80条/页---共253页---'NoneType' object has no attribute 'get'
2023-03-18 22:25:58,840 - INFO - csgo.py[:85] - 开始爬取网易BUFF---25页---80条/页---共253页
2023-03-18 22:25:58,990 - INFO - csgo.py[:91] - 爬取失败---25页---80条/页---共253页---Expecting value: line 1 column 1 (char 0)
2023-03-18 22:25:58,991 - INFO - csgo.py[:85] - 开始爬取网易BUFF---26页---80条/页---共253页
2023-03-18 22:27:22,689 - INFO - csgo.py[:139] - 进入系统
2023-03-18 22:27:24,352 - INFO - csgo.py[:73] - 开始爬取网易BUFF
2023-03-18 22:27:32,773 - INFO - csgo.py[:85] - 开始爬取网易BUFF---1页---80条/页---共253页
2023-03-18 22:27:35,992 - INFO - csgo.py[:85] - 开始爬取网易BUFF---2页---80条/页---共253页
2023-03-18 22:27:37,378 - INFO - csgo.py[:91] - 爬取失败---2页---80条/页---共253页---'NoneType' object has no attribute 'get'
{
  "code": "Login Required", 
  "error": "\u8bf7\u5148\u767b\u5f55", 
  "extra": null
}

2023-03-18 22:27:37,378 - INFO - csgo.py[:85] - 开始爬取网易BUFF---3页---80条/页---共253页
2023-03-18 22:27:37,552 - INFO - csgo.py[:91] - 爬取失败---3页---80条/页---共253页---'NoneType' object has no attribute 'get'
{
  "code": "Login Required", 
  "error": "\u8bf7\u5148\u767b\u5f55", 
  "extra": null
}

2023-03-18 22:27:37,553 - INFO - csgo.py[:85] - 开始爬取网易BUFF---4页---80条/页---共253页
2023-03-18 22:27:37,716 - INFO - csgo.py[:91] - 爬取失败---4页---80条/页---共253页---'NoneType' object has no attribute 'get'
{
  "code": "Login Required", 
  "error": "\u8bf7\u5148\u767b\u5f55", 
  "extra": null
}

2023-03-18 22:27:37,717 - INFO - csgo.py[:85] - 开始爬取网易BUFF---5页---80条/页---共253页
2023-03-18 22:27:37,903 - INFO - csgo.py[:91] - 爬取失败---5页---80条/页---共253页---'NoneType' object has no attribute 'get'
{
  "code": "Login Required", 
  "error": "\u8bf7\u5148\u767b\u5f55", 
  "extra": null
}

2023-03-18 22:27:37,905 - INFO - csgo.py[:85] - 开始爬取网易BUFF---6页---80条/页---共253页
2023-03-18 22:27:38,071 - INFO - csgo.py[:91] - 爬取失败---6页---80条/页---共253页---'NoneType' object has no attribute 'get'
{
  "code": "Login Required", 
  "error": "\u8bf7\u5148\u767b\u5f55", 
  "extra": null
}

2023-03-18 22:27:38,072 - INFO - csgo.py[:85] - 开始爬取网易BUFF---7页---80条/页---共253页
2023-03-18 22:27:38,239 - INFO - csgo.py[:91] - 爬取失败---7页---80条/页---共253页---'NoneType' object has no attribute 'get'
{
  "code": "Login Required", 
  "error": "\u8bf7\u5148\u767b\u5f55", 
  "extra": null
}

2023-03-18 22:27:38,240 - INFO - csgo.py[:85] - 开始爬取网易BUFF---8页---80条/页---共253页
2023-03-18 22:27:38,414 - INFO - csgo.py[:91] - 爬取失败---8页---80条/页---共253页---'NoneType' object has no attribute 'get'
{
  "code": "Login Required", 
  "error": "\u8bf7\u5148\u767b\u5f55", 
  "extra": null
}

2023-03-18 22:27:38,415 - INFO - csgo.py[:85] - 开始爬取网易BUFF---9页---80条/页---共253页
2023-03-18 22:27:38,591 - INFO - csgo.py[:91] - 爬取失败---9页---80条/页---共253页---'NoneType' object has no attribute 'get'
{
  "code": "Login Required", 
  "error": "\u8bf7\u5148\u767b\u5f55", 
  "extra": null
}

2023-03-18 22:27:38,593 - INFO - csgo.py[:85] - 开始爬取网易BUFF---10页---80条/页---共253页
2023-03-18 22:27:38,759 - INFO - csgo.py[:91] - 爬取失败---10页---80条/页---共253页---'NoneType' object has no attribute 'get'
{
  "code": "Login Required", 
  "error": "\u8bf7\u5148\u767b\u5f55", 
  "extra": null
}

2023-03-18 22:27:38,760 - INFO - csgo.py[:85] - 开始爬取网易BUFF---11页---80条/页---共253页
2023-03-18 22:27:38,933 - INFO - csgo.py[:91] - 爬取失败---11页---80条/页---共253页---'NoneType' object has no attribute 'get'
{
  "code": "Login Required", 
  "error": "\u8bf7\u5148\u767b\u5f55", 
  "extra": null
}

2023-03-18 22:27:38,935 - INFO - csgo.py[:85] - 开始爬取网易BUFF---12页---80条/页---共253页
2023-03-18 22:27:39,118 - INFO - csgo.py[:91] - 爬取失败---12页---80条/页---共253页---'NoneType' object has no attribute 'get'
{
  "code": "Login Required", 
  "error": "\u8bf7\u5148\u767b\u5f55", 
  "extra": null
}

2023-03-18 22:27:39,119 - INFO - csgo.py[:85] - 开始爬取网易BUFF---13页---80条/页---共253页
2023-03-18 22:27:39,269 - INFO - csgo.py[:91] - 爬取失败---13页---80条/页---共253页---Expecting value: line 1 column 1 (char 0)
<html>
<head><title>429 Too Many Requests</title></head>
<body bgcolor="white">
<center><h1>429 Too Many Requests</h1></center>
<hr><center>nginx</center>
</body>
</html>

2023-03-18 22:27:39,269 - INFO - csgo.py[:85] - 开始爬取网易BUFF---14页---80条/页---共253页
2023-03-18 22:27:39,441 - INFO - csgo.py[:91] - 爬取失败---14页---80条/页---共253页---'NoneType' object has no attribute 'get'
{
  "code": "Login Required", 
  "error": "\u8bf7\u5148\u767b\u5f55", 
  "extra": null
}

2023-03-18 22:27:39,442 - INFO - csgo.py[:85] - 开始爬取网易BUFF---15页---80条/页---共253页
2023-03-18 22:28:46,126 - INFO - csgo.py[:139] - 进入系统
2023-03-18 22:28:47,706 - INFO - csgo.py[:73] - 开始爬取网易BUFF
2023-03-18 22:28:53,326 - INFO - csgo.py[:85] - 开始爬取网易BUFF---1页---80条/页---共253页
2023-03-18 22:28:56,862 - INFO - csgo.py[:85] - 开始爬取网易BUFF---2页---80条/页---共253页
2023-03-18 22:29:00,499 - INFO - csgo.py[:85] - 开始爬取网易BUFF---3页---80条/页---共253页
2023-03-18 22:29:04,005 - INFO - csgo.py[:85] - 开始爬取网易BUFF---4页---80条/页---共253页
2023-03-18 22:29:07,501 - INFO - csgo.py[:85] - 开始爬取网易BUFF---5页---80条/页---共253页
2023-03-18 22:29:11,437 - INFO - csgo.py[:85] - 开始爬取网易BUFF---6页---80条/页---共253页
2023-03-18 22:29:14,827 - INFO - csgo.py[:85] - 开始爬取网易BUFF---7页---80条/页---共253页
2023-03-18 22:29:18,381 - INFO - csgo.py[:85] - 开始爬取网易BUFF---8页---80条/页---共253页
2023-03-18 22:29:21,777 - INFO - csgo.py[:85] - 开始爬取网易BUFF---9页---80条/页---共253页
2023-03-18 22:29:25,392 - INFO - csgo.py[:85] - 开始爬取网易BUFF---10页---80条/页---共253页
2023-03-18 22:29:28,829 - INFO - csgo.py[:85] - 开始爬取网易BUFF---11页---80条/页---共253页
2023-03-18 22:29:32,372 - INFO - csgo.py[:85] - 开始爬取网易BUFF---12页---80条/页---共253页
2023-03-18 22:29:36,205 - INFO - csgo.py[:85] - 开始爬取网易BUFF---13页---80条/页---共253页
2023-03-18 22:29:39,644 - INFO - csgo.py[:85] - 开始爬取网易BUFF---14页---80条/页---共253页
2023-03-18 22:29:43,679 - INFO - csgo.py[:85] - 开始爬取网易BUFF---15页---80条/页---共253页
2023-03-18 22:29:47,161 - INFO - csgo.py[:85] - 开始爬取网易BUFF---16页---80条/页---共253页
2023-03-18 22:29:50,520 - INFO - csgo.py[:85] - 开始爬取网易BUFF---17页---80条/页---共253页
2023-03-18 22:29:54,549 - INFO - csgo.py[:85] - 开始爬取网易BUFF---18页---80条/页---共253页
2023-03-18 22:29:57,939 - INFO - csgo.py[:85] - 开始爬取网易BUFF---19页---80条/页---共253页
2023-03-18 22:30:01,323 - INFO - csgo.py[:85] - 开始爬取网易BUFF---20页---80条/页---共253页
2023-03-18 22:30:04,814 - INFO - csgo.py[:85] - 开始爬取网易BUFF---21页---80条/页---共253页
2023-03-18 22:30:08,147 - INFO - csgo.py[:85] - 开始爬取网易BUFF---22页---80条/页---共253页
2023-03-18 22:30:11,547 - INFO - csgo.py[:85] - 开始爬取网易BUFF---23页---80条/页---共253页
2023-03-18 22:30:15,008 - INFO - csgo.py[:85] - 开始爬取网易BUFF---24页---80条/页---共253页
2023-03-18 22:30:18,580 - INFO - csgo.py[:85] - 开始爬取网易BUFF---25页---80条/页---共253页
2023-03-18 22:30:22,036 - INFO - csgo.py[:85] - 开始爬取网易BUFF---26页---80条/页---共253页
2023-03-18 22:30:25,427 - INFO - csgo.py[:85] - 开始爬取网易BUFF---27页---80条/页---共253页
2023-03-18 22:30:28,764 - INFO - csgo.py[:85] - 开始爬取网易BUFF---28页---80条/页---共253页
2023-03-18 22:30:32,305 - INFO - csgo.py[:85] - 开始爬取网易BUFF---29页---80条/页---共253页
2023-03-18 22:30:35,776 - INFO - csgo.py[:85] - 开始爬取网易BUFF---30页---80条/页---共253页
2023-03-18 22:30:39,639 - INFO - csgo.py[:85] - 开始爬取网易BUFF---31页---80条/页---共253页
2023-03-18 22:30:43,104 - INFO - csgo.py[:85] - 开始爬取网易BUFF---32页---80条/页---共253页
2023-03-18 22:30:46,456 - INFO - csgo.py[:85] - 开始爬取网易BUFF---33页---80条/页---共253页
2023-03-18 22:30:50,294 - INFO - csgo.py[:85] - 开始爬取网易BUFF---34页---80条/页---共253页
2023-03-18 22:30:53,750 - INFO - csgo.py[:85] - 开始爬取网易BUFF---35页---80条/页---共253页
2023-03-18 22:30:57,921 - INFO - csgo.py[:85] - 开始爬取网易BUFF---36页---80条/页---共253页
2023-03-18 22:31:01,693 - INFO - csgo.py[:85] - 开始爬取网易BUFF---37页---80条/页---共253页
2023-03-18 22:31:05,280 - INFO - csgo.py[:85] - 开始爬取网易BUFF---38页---80条/页---共253页
2023-03-18 22:31:08,680 - INFO - csgo.py[:85] - 开始爬取网易BUFF---39页---80条/页---共253页
2023-03-18 22:31:12,262 - INFO - csgo.py[:85] - 开始爬取网易BUFF---40页---80条/页---共253页
2023-03-18 22:31:16,126 - INFO - csgo.py[:85] - 开始爬取网易BUFF---41页---80条/页---共253页
2023-03-18 22:31:19,570 - INFO - csgo.py[:85] - 开始爬取网易BUFF---42页---80条/页---共253页
2023-03-18 22:31:23,107 - INFO - csgo.py[:85] - 开始爬取网易BUFF---43页---80条/页---共253页
2023-03-18 22:31:26,476 - INFO - csgo.py[:85] - 开始爬取网易BUFF---44页---80条/页---共253页
2023-03-18 22:31:29,971 - INFO - csgo.py[:85] - 开始爬取网易BUFF---45页---80条/页---共253页
2023-03-18 22:31:33,563 - INFO - csgo.py[:85] - 开始爬取网易BUFF---46页---80条/页---共253页
2023-03-18 22:31:37,114 - INFO - csgo.py[:85] - 开始爬取网易BUFF---47页---80条/页---共253页
2023-03-18 22:31:40,515 - INFO - csgo.py[:85] - 开始爬取网易BUFF---48页---80条/页---共253页
2023-03-18 22:31:44,002 - INFO - csgo.py[:85] - 开始爬取网易BUFF---49页---80条/页---共253页
2023-03-18 22:31:47,759 - INFO - csgo.py[:85] - 开始爬取网易BUFF---50页---80条/页---共253页
2023-03-18 22:31:51,481 - INFO - csgo.py[:85] - 开始爬取网易BUFF---51页---80条/页---共253页
2023-03-18 22:31:54,994 - INFO - csgo.py[:85] - 开始爬取网易BUFF---52页---80条/页---共253页
2023-03-18 22:31:58,723 - INFO - csgo.py[:85] - 开始爬取网易BUFF---53页---80条/页---共253页
2023-03-18 22:32:02,305 - INFO - csgo.py[:85] - 开始爬取网易BUFF---54页---80条/页---共253页
2023-03-18 22:32:06,007 - INFO - csgo.py[:85] - 开始爬取网易BUFF---55页---80条/页---共253页
2023-03-18 22:32:09,542 - INFO - csgo.py[:85] - 开始爬取网易BUFF---56页---80条/页---共253页
2023-03-18 22:32:13,040 - INFO - csgo.py[:85] - 开始爬取网易BUFF---57页---80条/页---共253页
2023-03-18 22:32:17,221 - INFO - csgo.py[:85] - 开始爬取网易BUFF---58页---80条/页---共253页
2023-03-18 22:32:20,798 - INFO - csgo.py[:85] - 开始爬取网易BUFF---59页---80条/页---共253页
2023-03-18 22:32:24,334 - INFO - csgo.py[:85] - 开始爬取网易BUFF---60页---80条/页---共253页
2023-03-18 22:32:27,834 - INFO - csgo.py[:85] - 开始爬取网易BUFF---61页---80条/页---共253页
2023-03-18 22:32:31,324 - INFO - csgo.py[:85] - 开始爬取网易BUFF---62页---80条/页---共253页
2023-03-18 22:32:35,080 - INFO - csgo.py[:85] - 开始爬取网易BUFF---63页---80条/页---共253页
2023-03-18 22:32:38,546 - INFO - csgo.py[:85] - 开始爬取网易BUFF---64页---80条/页---共253页
2023-03-18 22:32:42,166 - INFO - csgo.py[:85] - 开始爬取网易BUFF---65页---80条/页---共253页
2023-03-18 22:32:45,567 - INFO - csgo.py[:85] - 开始爬取网易BUFF---66页---80条/页---共253页
2023-03-18 22:32:49,515 - INFO - csgo.py[:85] - 开始爬取网易BUFF---67页---80条/页---共253页
2023-03-18 22:32:52,929 - INFO - csgo.py[:85] - 开始爬取网易BUFF---68页---80条/页---共253页
2023-03-18 22:32:56,776 - INFO - csgo.py[:85] - 开始爬取网易BUFF---69页---80条/页---共253页
2023-03-18 22:33:00,318 - INFO - csgo.py[:85] - 开始爬取网易BUFF---70页---80条/页---共253页
2023-03-18 22:33:04,088 - INFO - csgo.py[:85] - 开始爬取网易BUFF---71页---80条/页---共253页
2023-03-18 22:33:07,658 - INFO - csgo.py[:85] - 开始爬取网易BUFF---72页---80条/页---共253页
2023-03-18 22:33:11,307 - INFO - csgo.py[:85] - 开始爬取网易BUFF---73页---80条/页---共253页
2023-03-18 22:33:15,069 - INFO - csgo.py[:85] - 开始爬取网易BUFF---74页---80条/页---共253页
2023-03-18 22:33:18,528 - INFO - csgo.py[:85] - 开始爬取网易BUFF---75页---80条/页---共253页
2023-03-18 22:33:22,255 - INFO - csgo.py[:85] - 开始爬取网易BUFF---76页---80条/页---共253页
2023-03-18 22:33:26,001 - INFO - csgo.py[:85] - 开始爬取网易BUFF---77页---80条/页---共253页
2023-03-18 22:33:29,533 - INFO - csgo.py[:85] - 开始爬取网易BUFF---78页---80条/页---共253页
2023-03-18 22:33:33,337 - INFO - csgo.py[:85] - 开始爬取网易BUFF---79页---80条/页---共253页
2023-03-18 22:33:37,007 - INFO - csgo.py[:85] - 开始爬取网易BUFF---80页---80条/页---共253页
2023-03-18 22:33:40,766 - INFO - csgo.py[:85] - 开始爬取网易BUFF---81页---80条/页---共253页
2023-03-18 22:33:44,265 - INFO - csgo.py[:85] - 开始爬取网易BUFF---82页---80条/页---共253页
2023-03-18 22:33:47,726 - INFO - csgo.py[:85] - 开始爬取网易BUFF---83页---80条/页---共253页
2023-03-18 22:33:51,223 - INFO - csgo.py[:85] - 开始爬取网易BUFF---84页---80条/页---共253页
2023-03-18 22:33:55,065 - INFO - csgo.py[:85] - 开始爬取网易BUFF---85页---80条/页---共253页
2023-03-18 22:33:58,556 - INFO - csgo.py[:85] - 开始爬取网易BUFF---86页---80条/页---共253页
2023-03-18 22:34:02,038 - INFO - csgo.py[:85] - 开始爬取网易BUFF---87页---80条/页---共253页
2023-03-18 22:34:05,853 - INFO - csgo.py[:85] - 开始爬取网易BUFF---88页---80条/页---共253页
2023-03-18 22:34:09,425 - INFO - csgo.py[:85] - 开始爬取网易BUFF---89页---80条/页---共253页
2023-03-18 22:34:12,989 - INFO - csgo.py[:85] - 开始爬取网易BUFF---90页---80条/页---共253页
2023-03-18 22:34:16,891 - INFO - csgo.py[:85] - 开始爬取网易BUFF---91页---80条/页---共253页
2023-03-18 22:34:20,405 - INFO - csgo.py[:85] - 开始爬取网易BUFF---92页---80条/页---共253页
2023-03-18 22:34:23,810 - INFO - csgo.py[:85] - 开始爬取网易BUFF---93页---80条/页---共253页
2023-03-18 22:34:26,398 - INFO - csgo.py[:140] - 进入系统
2023-03-18 22:34:27,687 - INFO - csgo.py[:85] - 开始爬取网易BUFF---94页---80条/页---共253页
2023-03-18 22:34:29,161 - INFO - csgo.py[:73] - 开始爬取网易BUFF
2023-03-18 22:34:31,268 - INFO - csgo.py[:85] - 开始爬取网易BUFF---95页---80条/页---共253页
2023-03-18 22:34:34,894 - INFO - csgo.py[:85] - 开始爬取网易BUFF---96页---80条/页---共253页
2023-03-18 22:34:38,608 - INFO - csgo.py[:85] - 开始爬取网易BUFF---97页---80条/页---共253页
2023-03-18 22:34:42,139 - INFO - csgo.py[:85] - 开始爬取网易BUFF---98页---80条/页---共253页
2023-03-18 22:34:46,062 - INFO - csgo.py[:85] - 开始爬取网易BUFF---99页---80条/页---共253页
2023-03-18 22:34:49,836 - INFO - csgo.py[:85] - 开始爬取网易BUFF---100页---80条/页---共253页
2023-03-18 22:34:53,515 - INFO - csgo.py[:85] - 开始爬取网易BUFF---101页---80条/页---共253页
2023-03-18 22:34:57,259 - INFO - csgo.py[:85] - 开始爬取网易BUFF---102页---80条/页---共253页
2023-03-18 22:35:01,346 - INFO - csgo.py[:85] - 开始爬取网易BUFF---103页---80条/页---共253页
2023-03-18 22:35:05,081 - INFO - csgo.py[:85] - 开始爬取网易BUFF---104页---80条/页---共253页
2023-03-18 22:35:09,189 - INFO - csgo.py[:85] - 开始爬取网易BUFF---105页---80条/页---共253页
2023-03-18 22:35:12,826 - INFO - csgo.py[:85] - 开始爬取网易BUFF---106页---80条/页---共253页
2023-03-18 22:35:16,657 - INFO - csgo.py[:85] - 开始爬取网易BUFF---107页---80条/页---共253页
2023-03-18 22:35:20,124 - INFO - csgo.py[:85] - 开始爬取网易BUFF---108页---80条/页---共253页
2023-03-18 22:35:23,949 - INFO - csgo.py[:85] - 开始爬取网易BUFF---109页---80条/页---共253页
2023-03-18 22:35:27,517 - INFO - csgo.py[:85] - 开始爬取网易BUFF---110页---80条/页---共253页
2023-03-18 22:35:30,964 - INFO - csgo.py[:85] - 开始爬取网易BUFF---111页---80条/页---共253页
2023-03-18 22:35:35,182 - INFO - csgo.py[:85] - 开始爬取网易BUFF---112页---80条/页---共253页
2023-03-18 22:35:38,673 - INFO - csgo.py[:85] - 开始爬取网易BUFF---113页---80条/页---共253页
2023-03-18 22:35:42,104 - INFO - csgo.py[:85] - 开始爬取网易BUFF---114页---80条/页---共253页
2023-03-18 22:35:45,643 - INFO - csgo.py[:85] - 开始爬取网易BUFF---115页---80条/页---共253页
2023-03-18 22:35:49,195 - INFO - csgo.py[:85] - 开始爬取网易BUFF---116页---80条/页---共253页
2023-03-18 22:35:53,191 - INFO - csgo.py[:85] - 开始爬取网易BUFF---117页---80条/页---共253页
2023-03-18 22:35:56,886 - INFO - csgo.py[:85] - 开始爬取网易BUFF---118页---80条/页---共253页
2023-03-18 22:36:00,636 - INFO - csgo.py[:85] - 开始爬取网易BUFF---119页---80条/页---共253页
2023-03-18 22:36:04,277 - INFO - csgo.py[:85] - 开始爬取网易BUFF---120页---80条/页---共253页
2023-03-18 22:36:07,839 - INFO - csgo.py[:85] - 开始爬取网易BUFF---121页---80条/页---共253页
2023-03-18 22:36:11,474 - INFO - csgo.py[:85] - 开始爬取网易BUFF---122页---80条/页---共253页
2023-03-18 22:36:15,235 - INFO - csgo.py[:85] - 开始爬取网易BUFF---123页---80条/页---共253页
2023-03-18 22:36:19,091 - INFO - csgo.py[:85] - 开始爬取网易BUFF---124页---80条/页---共253页
2023-03-18 22:36:22,603 - INFO - csgo.py[:85] - 开始爬取网易BUFF---125页---80条/页---共253页
2023-03-18 22:36:26,143 - INFO - csgo.py[:85] - 开始爬取网易BUFF---126页---80条/页---共253页
2023-03-18 22:36:29,879 - INFO - csgo.py[:85] - 开始爬取网易BUFF---127页---80条/页---共253页
2023-03-18 22:36:33,297 - INFO - csgo.py[:85] - 开始爬取网易BUFF---128页---80条/页---共253页
2023-03-18 22:36:36,756 - INFO - csgo.py[:85] - 开始爬取网易BUFF---129页---80条/页---共253页
2023-03-18 22:36:40,187 - INFO - csgo.py[:85] - 开始爬取网易BUFF---130页---80条/页---共253页
2023-03-18 22:36:43,824 - INFO - csgo.py[:85] - 开始爬取网易BUFF---131页---80条/页---共253页
2023-03-18 22:36:47,388 - INFO - csgo.py[:85] - 开始爬取网易BUFF---132页---80条/页---共253页
2023-03-18 22:36:50,890 - INFO - csgo.py[:85] - 开始爬取网易BUFF---133页---80条/页---共253页
2023-03-18 22:36:54,439 - INFO - csgo.py[:85] - 开始爬取网易BUFF---134页---80条/页---共253页
2023-03-18 22:36:57,918 - INFO - csgo.py[:85] - 开始爬取网易BUFF---135页---80条/页---共253页
2023-03-18 22:37:01,374 - INFO - csgo.py[:85] - 开始爬取网易BUFF---136页---80条/页---共253页
2023-03-18 22:37:04,981 - INFO - csgo.py[:85] - 开始爬取网易BUFF---137页---80条/页---共253页
2023-03-18 22:37:08,686 - INFO - csgo.py[:85] - 开始爬取网易BUFF---138页---80条/页---共253页
2023-03-18 22:37:12,289 - INFO - csgo.py[:85] - 开始爬取网易BUFF---139页---80条/页---共253页
2023-03-18 22:37:15,832 - INFO - csgo.py[:85] - 开始爬取网易BUFF---140页---80条/页---共253页
2023-03-18 22:37:20,060 - INFO - csgo.py[:85] - 开始爬取网易BUFF---141页---80条/页---共253页
2023-03-18 22:37:23,649 - INFO - csgo.py[:85] - 开始爬取网易BUFF---142页---80条/页---共253页
2023-03-18 22:37:27,372 - INFO - csgo.py[:85] - 开始爬取网易BUFF---143页---80条/页---共253页
2023-03-18 22:37:31,164 - INFO - csgo.py[:85] - 开始爬取网易BUFF---144页---80条/页---共253页
2023-03-18 22:37:34,670 - INFO - csgo.py[:85] - 开始爬取网易BUFF---145页---80条/页---共253页
2023-03-18 22:37:38,388 - INFO - csgo.py[:85] - 开始爬取网易BUFF---146页---80条/页---共253页
2023-03-18 22:37:42,563 - INFO - csgo.py[:85] - 开始爬取网易BUFF---147页---80条/页---共253页
2023-03-18 22:37:46,232 - INFO - csgo.py[:85] - 开始爬取网易BUFF---148页---80条/页---共253页
2023-03-18 22:37:49,785 - INFO - csgo.py[:85] - 开始爬取网易BUFF---149页---80条/页---共253页
2023-03-18 22:37:53,581 - INFO - csgo.py[:85] - 开始爬取网易BUFF---150页---80条/页---共253页
2023-03-18 22:37:57,161 - INFO - csgo.py[:85] - 开始爬取网易BUFF---151页---80条/页---共253页
2023-03-18 22:38:01,019 - INFO - csgo.py[:85] - 开始爬取网易BUFF---152页---80条/页---共253页
2023-03-18 22:38:04,732 - INFO - csgo.py[:85] - 开始爬取网易BUFF---153页---80条/页---共253页
2023-03-18 22:38:08,311 - INFO - csgo.py[:85] - 开始爬取网易BUFF---154页---80条/页---共253页
2023-03-18 22:38:11,842 - INFO - csgo.py[:85] - 开始爬取网易BUFF---155页---80条/页---共253页
2023-03-18 22:38:15,309 - INFO - csgo.py[:85] - 开始爬取网易BUFF---156页---80条/页---共253页
2023-03-18 22:38:19,796 - INFO - csgo.py[:85] - 开始爬取网易BUFF---157页---80条/页---共253页
2023-03-18 22:38:23,337 - INFO - csgo.py[:85] - 开始爬取网易BUFF---158页---80条/页---共253页
2023-03-18 22:38:27,097 - INFO - csgo.py[:85] - 开始爬取网易BUFF---159页---80条/页---共253页
2023-03-18 22:38:32,236 - INFO - csgo.py[:85] - 开始爬取网易BUFF---160页---80条/页---共253页
2023-03-18 22:38:35,887 - INFO - csgo.py[:85] - 开始爬取网易BUFF---161页---80条/页---共253页
2023-03-18 22:38:39,811 - INFO - csgo.py[:85] - 开始爬取网易BUFF---162页---80条/页---共253页
2023-03-18 22:38:43,877 - INFO - csgo.py[:85] - 开始爬取网易BUFF---163页---80条/页---共253页
2023-03-18 22:38:47,933 - INFO - csgo.py[:85] - 开始爬取网易BUFF---164页---80条/页---共253页
2023-03-18 22:38:51,560 - INFO - csgo.py[:85] - 开始爬取网易BUFF---165页---80条/页---共253页
2023-03-18 22:38:55,345 - INFO - csgo.py[:85] - 开始爬取网易BUFF---166页---80条/页---共253页
2023-03-18 22:38:58,920 - INFO - csgo.py[:85] - 开始爬取网易BUFF---167页---80条/页---共253页
2023-03-18 22:39:02,476 - INFO - csgo.py[:85] - 开始爬取网易BUFF---168页---80条/页---共253页
2023-03-18 22:39:06,263 - INFO - csgo.py[:85] - 开始爬取网易BUFF---169页---80条/页---共253页
2023-03-18 22:39:09,702 - INFO - csgo.py[:85] - 开始爬取网易BUFF---170页---80条/页---共253页
2023-03-18 22:39:13,138 - INFO - csgo.py[:85] - 开始爬取网易BUFF---171页---80条/页---共253页
2023-03-18 22:39:17,879 - INFO - csgo.py[:85] - 开始爬取网易BUFF---172页---80条/页---共253页
2023-03-18 22:39:21,634 - INFO - csgo.py[:85] - 开始爬取网易BUFF---173页---80条/页---共253页
2023-03-18 22:39:24,996 - INFO - csgo.py[:85] - 开始爬取网易BUFF---174页---80条/页---共253页
2023-03-18 22:39:28,438 - INFO - csgo.py[:85] - 开始爬取网易BUFF---175页---80条/页---共253页
2023-03-18 22:39:31,861 - INFO - csgo.py[:85] - 开始爬取网易BUFF---176页---80条/页---共253页
2023-03-18 22:39:35,546 - INFO - csgo.py[:85] - 开始爬取网易BUFF---177页---80条/页---共253页
2023-03-18 22:39:40,060 - INFO - csgo.py[:85] - 开始爬取网易BUFF---178页---80条/页---共253页
2023-03-18 22:39:43,724 - INFO - csgo.py[:85] - 开始爬取网易BUFF---179页---80条/页---共253页
2023-03-18 22:39:47,307 - INFO - csgo.py[:85] - 开始爬取网易BUFF---180页---80条/页---共253页
2023-03-18 22:39:50,773 - INFO - csgo.py[:85] - 开始爬取网易BUFF---181页---80条/页---共253页
2023-03-18 22:39:54,642 - INFO - csgo.py[:85] - 开始爬取网易BUFF---182页---80条/页---共253页
2023-03-18 22:39:58,276 - INFO - csgo.py[:85] - 开始爬取网易BUFF---183页---80条/页---共253页
2023-03-18 22:40:02,332 - INFO - csgo.py[:85] - 开始爬取网易BUFF---184页---80条/页---共253页
2023-03-18 22:40:05,896 - INFO - csgo.py[:85] - 开始爬取网易BUFF---185页---80条/页---共253页
2023-03-18 22:40:09,528 - INFO - csgo.py[:85] - 开始爬取网易BUFF---186页---80条/页---共253页
2023-03-18 22:40:13,536 - INFO - csgo.py[:85] - 开始爬取网易BUFF---187页---80条/页---共253页
2023-03-18 22:40:17,388 - INFO - csgo.py[:85] - 开始爬取网易BUFF---188页---80条/页---共253页
2023-03-18 22:40:20,882 - INFO - csgo.py[:85] - 开始爬取网易BUFF---189页---80条/页---共253页
2023-03-18 22:40:24,343 - INFO - csgo.py[:85] - 开始爬取网易BUFF---190页---80条/页---共253页
2023-03-18 22:40:27,807 - INFO - csgo.py[:85] - 开始爬取网易BUFF---191页---80条/页---共253页
2023-03-18 22:40:31,536 - INFO - csgo.py[:85] - 开始爬取网易BUFF---192页---80条/页---共253页
2023-03-18 22:40:35,235 - INFO - csgo.py[:85] - 开始爬取网易BUFF---193页---80条/页---共253页
2023-03-18 22:40:38,767 - INFO - csgo.py[:85] - 开始爬取网易BUFF---194页---80条/页---共253页
2023-03-18 22:40:42,455 - INFO - csgo.py[:85] - 开始爬取网易BUFF---195页---80条/页---共253页
2023-03-18 22:40:46,170 - INFO - csgo.py[:85] - 开始爬取网易BUFF---196页---80条/页---共253页
2023-03-18 22:40:49,893 - INFO - csgo.py[:85] - 开始爬取网易BUFF---197页---80条/页---共253页
2023-03-18 22:40:53,575 - INFO - csgo.py[:85] - 开始爬取网易BUFF---198页---80条/页---共253页
2023-03-18 22:40:57,641 - INFO - csgo.py[:85] - 开始爬取网易BUFF---199页---80条/页---共253页
2023-03-18 22:41:01,174 - INFO - csgo.py[:85] - 开始爬取网易BUFF---200页---80条/页---共253页
2023-03-18 22:41:04,821 - INFO - csgo.py[:85] - 开始爬取网易BUFF---201页---80条/页---共253页
2023-03-18 22:41:08,757 - INFO - csgo.py[:85] - 开始爬取网易BUFF---202页---80条/页---共253页
2023-03-18 22:41:12,254 - INFO - csgo.py[:85] - 开始爬取网易BUFF---203页---80条/页---共253页
2023-03-18 22:41:15,764 - INFO - csgo.py[:85] - 开始爬取网易BUFF---204页---80条/页---共253页
2023-03-18 22:41:19,119 - INFO - csgo.py[:85] - 开始爬取网易BUFF---205页---80条/页---共253页
2023-03-18 22:41:22,593 - INFO - csgo.py[:85] - 开始爬取网易BUFF---206页---80条/页---共253页
2023-03-18 22:41:26,121 - INFO - csgo.py[:85] - 开始爬取网易BUFF---207页---80条/页---共253页
2023-03-18 22:41:29,927 - INFO - csgo.py[:85] - 开始爬取网易BUFF---208页---80条/页---共253页
2023-03-18 22:41:33,416 - INFO - csgo.py[:85] - 开始爬取网易BUFF---209页---80条/页---共253页
2023-03-18 22:41:37,059 - INFO - csgo.py[:85] - 开始爬取网易BUFF---210页---80条/页---共253页
2023-03-18 22:41:40,870 - INFO - csgo.py[:85] - 开始爬取网易BUFF---211页---80条/页---共253页
2023-03-18 22:41:44,566 - INFO - csgo.py[:85] - 开始爬取网易BUFF---212页---80条/页---共253页
2023-03-18 22:41:48,767 - INFO - csgo.py[:85] - 开始爬取网易BUFF---213页---80条/页---共253页
2023-03-18 22:41:52,521 - INFO - csgo.py[:85] - 开始爬取网易BUFF---214页---80条/页---共253页
2023-03-18 22:41:57,977 - INFO - csgo.py[:85] - 开始爬取网易BUFF---215页---80条/页---共253页
2023-03-18 22:42:01,424 - INFO - csgo.py[:85] - 开始爬取网易BUFF---216页---80条/页---共253页
2023-03-18 22:42:05,219 - INFO - csgo.py[:85] - 开始爬取网易BUFF---217页---80条/页---共253页
2023-03-18 22:42:08,721 - INFO - csgo.py[:85] - 开始爬取网易BUFF---218页---80条/页---共253页
2023-03-18 22:42:12,441 - INFO - csgo.py[:85] - 开始爬取网易BUFF---219页---80条/页---共253页
2023-03-18 22:42:15,797 - INFO - csgo.py[:85] - 开始爬取网易BUFF---220页---80条/页---共253页
2023-03-18 22:42:19,612 - INFO - csgo.py[:85] - 开始爬取网易BUFF---221页---80条/页---共253页
2023-03-18 22:42:23,278 - INFO - csgo.py[:85] - 开始爬取网易BUFF---222页---80条/页---共253页
2023-03-18 22:42:27,022 - INFO - csgo.py[:85] - 开始爬取网易BUFF---223页---80条/页---共253页
2023-03-18 22:42:30,523 - INFO - csgo.py[:85] - 开始爬取网易BUFF---224页---80条/页---共253页
2023-03-18 22:42:34,021 - INFO - csgo.py[:85] - 开始爬取网易BUFF---225页---80条/页---共253页
2023-03-18 22:42:37,564 - INFO - csgo.py[:85] - 开始爬取网易BUFF---226页---80条/页---共253页
2023-03-18 22:42:41,353 - INFO - csgo.py[:85] - 开始爬取网易BUFF---227页---80条/页---共253页
2023-03-18 22:42:45,136 - INFO - csgo.py[:85] - 开始爬取网易BUFF---228页---80条/页---共253页
2023-03-18 22:42:48,551 - INFO - csgo.py[:85] - 开始爬取网易BUFF---229页---80条/页---共253页
2023-03-18 22:42:52,071 - INFO - csgo.py[:85] - 开始爬取网易BUFF---230页---80条/页---共253页
2023-03-18 22:42:55,912 - INFO - csgo.py[:85] - 开始爬取网易BUFF---231页---80条/页---共253页
2023-03-18 22:42:59,705 - INFO - csgo.py[:85] - 开始爬取网易BUFF---232页---80条/页---共253页
2023-03-18 22:43:04,008 - INFO - csgo.py[:85] - 开始爬取网易BUFF---233页---80条/页---共253页
2023-03-18 22:43:07,812 - INFO - csgo.py[:85] - 开始爬取网易BUFF---234页---80条/页---共253页
2023-03-18 22:43:11,211 - INFO - csgo.py[:85] - 开始爬取网易BUFF---235页---80条/页---共253页
2023-03-18 22:43:14,727 - INFO - csgo.py[:85] - 开始爬取网易BUFF---236页---80条/页---共253页
2023-03-18 22:43:18,356 - INFO - csgo.py[:85] - 开始爬取网易BUFF---237页---80条/页---共253页
2023-03-18 22:43:22,122 - INFO - csgo.py[:85] - 开始爬取网易BUFF---238页---80条/页---共253页
2023-03-18 22:43:26,618 - INFO - csgo.py[:85] - 开始爬取网易BUFF---239页---80条/页---共253页
2023-03-18 22:43:30,087 - INFO - csgo.py[:85] - 开始爬取网易BUFF---240页---80条/页---共253页
2023-03-18 22:43:33,599 - INFO - csgo.py[:85] - 开始爬取网易BUFF---241页---80条/页---共253页
2023-03-18 22:43:36,959 - INFO - csgo.py[:85] - 开始爬取网易BUFF---242页---80条/页---共253页
2023-03-18 22:43:40,484 - INFO - csgo.py[:85] - 开始爬取网易BUFF---243页---80条/页---共253页
2023-03-18 22:43:43,963 - INFO - csgo.py[:85] - 开始爬取网易BUFF---244页---80条/页---共253页
2023-03-18 22:43:47,747 - INFO - csgo.py[:85] - 开始爬取网易BUFF---245页---80条/页---共253页
2023-03-18 22:43:51,256 - INFO - csgo.py[:85] - 开始爬取网易BUFF---246页---80条/页---共253页
2023-03-18 22:43:54,722 - INFO - csgo.py[:85] - 开始爬取网易BUFF---247页---80条/页---共253页
2023-03-18 22:43:58,742 - INFO - csgo.py[:85] - 开始爬取网易BUFF---248页---80条/页---共253页
2023-03-18 22:44:02,385 - INFO - csgo.py[:85] - 开始爬取网易BUFF---249页---80条/页---共253页
2023-03-18 22:44:05,901 - INFO - csgo.py[:85] - 开始爬取网易BUFF---250页---80条/页---共253页
2023-03-18 22:44:09,395 - INFO - csgo.py[:85] - 开始爬取网易BUFF---251页---80条/页---共253页
2023-03-18 22:44:12,746 - INFO - csgo.py[:85] - 开始爬取网易BUFF---252页---80条/页---共253页
2023-03-18 22:44:16,296 - INFO - csgo.py[:85] - 开始爬取网易BUFF---253页---80条/页---共253页
2023-03-18 22:44:19,592 - INFO - csgo.py[:92] - 开始存储网易BUFF数据
2023-03-18 22:44:54,536 - INFO - csgo.py[:95] - 存储网易BUFF数据成功
2023-03-18 22:45:51,363 - INFO - csgo.py[:146] - 进入系统
2023-03-18 22:45:56,780 - INFO - csgo.py[:74] - 开始爬取网易BUFF
2023-03-18 22:46:00,130 - INFO - csgo.py[:90] - 开始爬取网易BUFF---1页---80条/页---共253页
2023-03-18 22:46:03,596 - INFO - csgo.py[:90] - 开始爬取网易BUFF---2页---80条/页---共253页
2023-03-18 22:46:17,896 - INFO - csgo.py[:146] - 进入系统
2023-03-18 22:47:33,143 - INFO - csgo.py[:146] - 进入系统
2023-03-18 22:47:37,859 - INFO - csgo.py[:131] - 开始读取buff数据库
2023-03-18 22:48:07,528 - INFO - csgo.py[:133] - 保存buff原始数据---buff原始数据.csv
2023-03-18 22:54:30,706 - INFO - csgo.py[:146] - 进入系统
2023-03-18 22:54:32,820 - INFO - csgo.py[:181] - 退出系统
2023-03-18 22:54:37,702 - INFO - csgo.py[:146] - 进入系统
2023-03-18 22:55:03,517 - INFO - csgo.py[:125] - 开始读取etopfun数据库
2023-03-18 22:55:13,731 - INFO - csgo.py[:127] - 保存etopfun原始数据---etopfun原始数据.csv
2023-03-18 22:55:13,885 - INFO - csgo.py[:131] - 开始读取buff数据库
2023-03-18 22:55:44,933 - INFO - csgo.py[:133] - 保存buff原始数据---buff原始数据.csv
2023-03-18 22:55:45,348 - ERROR - csgo.py[:161] - 导出原始错误name 'df2' is not defined
2023-03-18 22:56:24,595 - INFO - csgo.py[:146] - 进入系统
2023-03-18 22:56:31,710 - INFO - csgo.py[:125] - 开始读取etopfun数据库
2023-03-18 22:56:42,113 - INFO - csgo.py[:127] - 保存etopfun原始数据---etopfun原始数据.csv
2023-03-18 22:56:42,269 - INFO - csgo.py[:131] - 开始读取buff数据库
2023-03-18 22:57:11,955 - INFO - csgo.py[:133] - 保存buff原始数据---buff原始数据.csv
2023-03-18 22:57:15,983 - INFO - csgo.py[:185] - 执行成功
2023-03-18 22:57:20,023 - INFO - csgo.py[:104] - 开始读取etopfun数据库
2023-03-18 22:57:30,230 - INFO - csgo.py[:106] - 开始读取buff数据库
2023-03-18 22:58:00,067 - INFO - csgo.py[:108] - 开始数据清洗
2023-03-18 22:58:00,299 - INFO - csgo.py[:121] - 保存比率数据--比率数据.csv
2023-03-18 22:58:19,778 - INFO - csgo.py[:185] - 执行成功
2023-03-18 23:00:46,012 - INFO - csgo.py[:146] - 进入系统
2023-03-18 23:00:47,881 - INFO - csgo.py[:49] - 开始爬取etopfun
2023-03-18 23:02:59,582 - INFO - csgo.py[:150] - 进入系统
2023-03-18 23:03:01,047 - INFO - csgo.py[:49] - 开始爬取etopfun
2023-03-18 23:03:03,082 - ERROR - csgo.py[:53] - 网络异常可能是没有开VPN----HTTPSConnectionPool(host='www.etopfun.com', port=443): Max retries exceeded with url: /api/schema/bcitemlist.do?appid=730&mark_name=&rows=1000&page=1&quality=&rarity=&exterior=&lang=en (Caused by NewConnectionError('<urllib3.connection.HTTPSConnection object at 0x0000024D6B8140C8>: Failed to establish a new connection: [WinError 10061] 由于目标计算机积极拒绝，无法连接。'))
2023-03-18 23:03:23,442 - INFO - csgo.py[:151] - 进入系统
2023-03-18 23:03:24,779 - INFO - csgo.py[:49] - 开始爬取etopfun
2023-03-18 23:03:26,802 - ERROR - csgo.py[:53] - 网络异常可能是没有开VPN----HTTPSConnectionPool(host='www.etopfun.com', port=443): Max retries exceeded with url: /api/schema/bcitemlist.do?appid=730&mark_name=&rows=1000&page=1&quality=&rarity=&exterior=&lang=en (Caused by NewConnectionError('<urllib3.connection.HTTPSConnection object at 0x00000252D8824048>: Failed to establish a new connection: [WinError 10061] 由于目标计算机积极拒绝，无法连接。'))
2023-03-18 23:03:27,280 - INFO - csgo.py[:157] - 执行成功----1
2023-03-18 23:03:34,901 - INFO - csgo.py[:190] - 退出系统
2023-03-18 23:40:34,748 - INFO - csgo.py[:151] - 进入系统
2023-03-18 23:40:36,304 - INFO - csgo.py[:190] - 退出系统
2023-03-18 23:41:03,646 - INFO - csgo.py[:151] - 进入系统
2023-03-18 23:41:05,782 - INFO - csgo.py[:190] - 退出系统
2023-03-19 00:30:27,197 - INFO - csgo.py[:187] - 进入系统
2023-03-19 00:32:13,506 - INFO - csgo.py[:188] - 进入系统
2023-03-19 00:32:44,618 - INFO - csgo.py[:188] - 进入系统
2023-03-19 00:33:25,607 - INFO - csgo.py[:188] - 进入系统
2023-03-19 00:33:27,767 - INFO - csgo.py[:117] - 开始爬取etopfun
2023-03-19 00:37:56,606 - INFO - csgo.py[:189] - 进入系统
2023-03-19 00:38:03,761 - INFO - csgo.py[:117] - 开始爬取etopfun
2023-03-19 00:39:18,633 - INFO - csgo.py[:190] - 进入系统
2023-03-19 00:39:20,273 - INFO - csgo.py[:118] - 开始爬取etopfun_order
2023-03-19 00:41:10,146 - INFO - csgo.py[:191] - 进入系统
2023-03-19 00:41:12,124 - INFO - csgo.py[:119] - 开始爬取etopfun_order
2023-03-19 00:44:01,597 - INFO - csgo.py[:202] - 进入系统
2023-03-19 00:44:03,929 - INFO - csgo.py[:131] - 开始爬取etopfun_order
2023-03-19 00:44:09,359 - INFO - csgo.py[:145] - 开始爬取etopfun_order---1页---200条/页---共7页
2023-03-19 00:44:10,298 - INFO - csgo.py[:242] - 执行成功----6
2023-03-19 00:44:37,592 - INFO - csgo.py[:202] - 进入系统
2023-03-19 00:44:39,067 - INFO - csgo.py[:131] - 开始爬取etopfun_order
2023-03-19 00:44:42,993 - INFO - csgo.py[:145] - 开始爬取etopfun_order---1页---200条/页---共7页
2023-03-19 00:44:46,814 - INFO - csgo.py[:145] - 开始爬取etopfun_order---2页---200条/页---共7页
2023-03-19 00:44:50,906 - INFO - csgo.py[:145] - 开始爬取etopfun_order---3页---200条/页---共7页
2023-03-19 00:44:54,748 - INFO - csgo.py[:145] - 开始爬取etopfun_order---4页---200条/页---共7页
2023-03-19 00:44:58,844 - INFO - csgo.py[:145] - 开始爬取etopfun_order---5页---200条/页---共7页
2023-03-19 00:45:04,268 - INFO - csgo.py[:145] - 开始爬取etopfun_order---6页---200条/页---共7页
2023-03-19 00:45:08,142 - INFO - csgo.py[:145] - 开始爬取etopfun_order---7页---200条/页---共7页
2023-03-19 00:45:12,316 - INFO - csgo.py[:153] - 开始存储etopfun_order数据
2023-03-19 00:45:14,329 - INFO - csgo.py[:156] - 存储etopfun_order数据成功
2023-03-19 00:45:14,332 - INFO - csgo.py[:242] - 执行成功----6
2023-03-19 00:45:19,455 - INFO - csgo.py[:245] - 退出系统
2023-03-19 00:52:21,201 - INFO - csgo.py[:202] - 进入系统
2023-03-19 00:52:23,108 - INFO - csgo.py[:56] - 开始爬取etopfun
2023-03-19 00:52:32,615 - INFO - csgo.py[:71] - 开始爬取etopfun---1页---1000条/页---共8页
2023-03-19 00:52:36,528 - INFO - csgo.py[:71] - 开始爬取etopfun---2页---1000条/页---共8页
2023-03-19 01:21:47,229 - INFO - csgo.py[:219] - 进入系统
2023-03-19 01:21:53,597 - INFO - csgo.py[:159] - 开始读取etopfun数据库
2023-03-19 01:22:04,031 - INFO - csgo.py[:161] - 开始读取etopfun_order数据库
2023-03-19 01:22:06,446 - INFO - csgo.py[:163] - 开始读取buff数据库
2023-03-19 01:22:36,322 - INFO - csgo.py[:165] - 开始数据清洗
2023-03-19 01:22:36,542 - INFO - csgo.py[:191] - 保存比率数据--比率数据.csv
2023-03-19 01:22:36,543 - INFO - csgo.py[:192] - 保存比率数据--比率数据_order
2023-03-19 01:22:36,636 - INFO - csgo.py[:244] - 执行成功----5
2023-03-19 01:22:56,403 - INFO - csgo.py[:263] - 退出系统
